<?xml version="1.0" encoding="UTF-8"?>
<!-- Generated by org.testng.reporters.JUnitReportReporter -->
<testsuite hostname="LAPTOP-Q4OQ44HK" failures="0" tests="1" name="com.InetBanking.testCases.TC_LoginTest_01" time="11.738" errors="0" timestamp="2022-10-19T02:00:05 IST" skipped="0">
  <testcase classname="com.InetBanking.testCases.TC_LoginTest_01" name="LoginTest" time="11.738"/>
  <system-out/>
</testsuite> <!-- com.InetBanking.testCases.TC_LoginTest_01 -->
