<?xml version="1.0" encoding="UTF-8"?>
<!-- Generated by org.testng.reporters.JUnitReportReporter -->
<testsuite hostname="LAPTOP-Q4OQ44HK" failures="0" tests="1" name="com.InetBanking.testCases.TC_AddCustomerTest_03" time="27.970" errors="0" timestamp="2022-10-28T15:52:55 IST" skipped="0">
  <testcase classname="com.InetBanking.testCases.TC_AddCustomerTest_03" name="AddNewCustomer" time="27.970"/>
  <system-out/>
</testsuite> <!-- com.InetBanking.testCases.TC_AddCustomerTest_03 -->
